2024-11-18 12:30:05 INFO     --------
2024-11-18 12:30:05 INFO     Starting Regression Test
2024-11-18 12:30:05 INFO     acc: 0.8428887602846239
2024-11-18 12:30:05 INFO     
predictions: [ 8.30611841  6.92006687 -0.92912575 11.3047096   9.00926916 -0.63836258
  5.63140416 10.97526419 15.37640755 15.1710904   7.01840309 15.60797604
 12.18126512 12.90147939 13.97313329  3.51047456 11.24857064 12.90147939
  8.22791034 14.01772211  9.26549439 14.88383356 14.07341046  3.80519465
  7.63788958 11.95715988 13.98014593 12.70768368 15.03674337  9.4374176
  6.9362381  14.22677089  5.39099488 11.86143768 19.31974016 15.24579215
 12.33417494 -1.1757507   9.01932004  6.86824011]
2024-11-18 12:30:38 INFO     --------
2024-11-18 12:30:38 INFO     Starting Regression Test
2024-11-18 12:30:38 INFO     acc: 0.9027477152001646
2024-11-18 12:30:38 INFO     
predictions: [ 3.2692507   8.06196881 13.96158315  9.24342528 13.37571591 13.78615362
 11.93113385 15.09638865 15.98106288 14.07341046  5.63140416  4.67202818
 12.85410634 11.10237328  8.16247129 15.26458024  3.53722268 15.63027045
 14.88383356 -1.06275069 18.23211111  8.31187478  7.46661358 11.34835103
  8.99473818  9.34415306 14.22677089 14.6372086  10.21396742  8.34369459
  8.49287278  5.94579311  9.43368597 14.82418827 12.76382264  6.15229165
  9.57176462 12.63629165 15.7049722  12.14018263]
2024-11-27 15:05:33 INFO     --------
2024-11-27 15:05:33 INFO     Starting Regression Test
2024-11-27 15:05:33 INFO     acc: 0.8682237153519772
2024-11-27 15:05:33 INFO     
predictions: [10.70657013  5.88359759 14.96204162  9.15366707 15.04024969  3.5585697
 14.90590266 13.21534285 15.63027045  5.3947265   7.34323611 10.66994134
  8.53044896 15.09638865  7.15275012 15.11144512  8.30261209  9.68754887
  8.30611841 15.7720141  11.69269422  7.14528687  8.01607733 18.4446662
 15.98106288  9.57176462 16.3058959   6.9362381  13.37571591 -1.1757507
 -0.71657065 14.96204162 10.90056244 13.06944567  8.73927243 -1.0399595
 10.82586069 11.21164166 12.63629165  7.70702286]
2024-11-27 15:10:21 INFO     --------
2024-11-27 15:10:21 INFO     Starting Regression Test
2024-11-27 15:10:21 INFO     acc: 0.8252485671949706
2024-11-27 15:10:21 INFO     
predictions: [12.89774777  8.38082016  9.23187514  9.04138914  5.88028786 13.11052817
 11.10237328 13.53975397  7.57938828 11.47961364 15.98106288  7.45155711
 13.43162957 15.30543743  7.01840309  6.33626178  8.45201559  5.82745862
 16.36554119 12.82677764 15.30543743 13.5745723  14.92095912  8.42190265
  6.89777246  8.51166087  3.80519465 18.11632686 10.17619465 14.17063192
 14.96204162 10.49752135  4.97289733 10.55716663 11.87221065  5.88359759
  8.30611841 19.15082649  3.42422267 14.96204162]
2024-11-27 15:13:29 INFO     --------
2024-11-27 15:13:29 INFO     Starting Regression Test
2024-11-27 15:13:29 INFO     acc: 0.7926391823296697
2024-11-27 15:13:29 INFO     
predictions: [12.40121684  6.73134284  6.92006687 11.47961364  7.14528687  5.82467439
  4.19654409 15.63786367 15.1710904  14.01772211 15.37640755 12.26320481
  8.30261209  9.09752811  4.59607886 15.1710904  15.7720141   9.15366707
  5.8241489   7.79495292  3.8977371  11.3047096   8.77684861 14.96204162
 15.11144512 14.39473717  5.64718271 13.01726363  9.36271585 18.70985394
  6.95895441  5.94579311  6.15229165 10.74765263 11.82281285 11.90452723
 14.30147264  9.57176462 10.09539894  6.30169514]
2024-11-27 15:21:53 INFO     --------
2024-11-27 15:21:53 INFO     Starting Regression Test
2024-11-27 15:21:53 INFO     acc: 0.887020627667581
2024-11-27 15:21:53 INFO     
predictions: [ 9.30307057  8.43695912  9.57176462 20.06525837  7.63788958  4.32810689
 12.18126512 13.06944567 18.34393842 10.82586069 11.99150121 19.40404218
 -0.98526471 11.34835103  9.57176462 13.92050065 14.22677089 12.01680516
 -0.92912575 15.37640755 10.63186838 12.59520915 16.3058959  11.57618789
 13.86085537 16.43673661 13.53975397  8.30261209 12.03186163 12.0058356
 13.01726363 13.37571591  8.58636262  5.1007285   7.42144418 14.44672261
 12.26320481  5.78637613  8.30611841 13.68584774]
2024-11-27 15:22:58 INFO     --------
2024-11-27 15:22:58 INFO     Starting Regression Test
2024-11-27 15:22:58 INFO     acc: 0.9108398829954392
2024-11-27 15:22:58 INFO     
predictions: [11.95715988 12.69243061  4.33462275  5.8241489  12.0058356  11.86143768
 15.24579215 12.21488437 11.38219558 12.84183411 11.76667389  7.57938828
 10.04600114 18.70985394 16.36554119  8.49287278  8.31187478 11.82281285
 15.30543743 14.07341046 14.82418827 10.70378589 -0.66043169 11.67318405
  8.64250158  9.76575694 11.57618789 12.82677764 18.34393842 10.05732599
  7.4383288   6.34277764 14.24533367  6.28918891  5.16891439  9.03437651
  6.61402193 12.90147939  9.36271585  9.34415306]
2024-11-27 15:22:58 INFO     --------
2024-11-27 15:22:58 INFO     Starting Regression Test
2024-11-27 15:22:58 INFO     acc: 0.8431385974716195
2024-11-27 15:22:58 INFO     
predictions: [11.38219558 13.53975397 12.70768368 12.85410634 17.23165263 12.02089206
  4.69059097  4.67202818  7.79495292  8.28755562 10.97526419 15.30543743
 -0.63836258 15.03674337  6.30169514 12.59520915  6.5879959   3.61470866
 19.40404218  5.82467439 15.60797604  9.57176462 -1.8673887  11.3047096
 11.34835103  7.01840309  3.80519465 15.1710904  12.33417494  6.98082691
  8.38082016  6.33626178  6.37639689  9.42236113  4.94000016  9.87407794
 12.18126512  7.98543891  9.73694667  9.03437651]
2024-11-27 15:27:06 INFO     --------
2024-11-27 15:27:06 INFO     Starting Regression Test
2024-11-27 15:27:06 INFO     acc: 0.8163848978968954
2024-11-27 15:27:06 INFO     
predictions: [ 7.15275012 13.21534285 14.96204162  7.53977866 14.44672261 10.97526419
  9.43368597 15.11121981  7.14528687  5.98860886 12.76382264 15.11144512
  8.30261209  8.56086207  3.53722268  4.97289733 16.3058959   9.36271585
 10.28847257 12.82677764  6.9362381  17.85156102 16.36554119 13.96158315
  8.30261209  9.51562566 12.0058356   8.49287278 14.96204162  9.76575694
 12.63278533 15.1710904   8.57130615 14.22677089 10.49752135  7.34323611
  6.86824011  7.4383288   6.92006687  8.22791034]
2024-11-27 15:27:51 INFO     --------
2024-11-27 15:27:51 INFO     Starting Regression Test
2024-11-27 15:27:51 INFO     acc: 0.8090126658125345
2024-11-27 15:27:51 INFO     
predictions: [ 4.95784086 10.47500164  7.46661358 15.37640755 14.22677089  8.24090466
  8.73927243  8.16247129 14.44672261  5.88028786  8.28755562  9.43368597
  4.67202818 11.93113385  9.15366707 16.36554119  9.29976084 12.0058356
 12.76382264  3.42422267  9.74719415  8.30261209  7.83603542 12.71865324
  7.01840309  7.34323611 16.98502767 10.91211259 11.68846582 13.37571591
  9.49706288  6.73134284 14.96204162 -1.06275069 10.04600114 11.69197214
 10.17619465 11.38219558  9.76225062 14.96204162]
2024-11-27 15:28:56 INFO     --------
2024-11-27 15:28:56 INFO     Starting Regression Test
2024-11-27 15:28:56 INFO     acc: 0.8123328703645522
2024-11-27 15:28:56 INFO     
predictions: [ 5.88359759  7.63788958 12.40121684 14.88383356 16.3058959  12.76382264
  9.15366707 18.11632686  8.22791034  8.30261209  8.30261209  9.03437651
 -1.8673887   7.46661358 10.93418169 11.47961364 14.96204162  8.57130615
 14.96204162 10.69151366 18.9153964  12.01680516 13.01726363  8.70214686
 -0.98526471 14.24533367  8.38082016 14.90590266 14.01772211  9.23187514
 10.28847257 11.99150121  6.15229165  7.15275012  3.61470866  9.37777231
 15.11121981  3.2692507  12.90147939 10.64692485]
2024-11-27 15:29:32 INFO     --------
2024-11-27 15:29:32 INFO     Starting Regression Test
2024-11-27 15:29:32 INFO     acc: 0.8161585009976016
2024-11-27 15:29:32 INFO     
predictions: [12.89195399 14.39473717 18.70985394  6.33626178  9.49706288 13.92050065
  5.34837572 15.03674337  8.34369459 11.21164166 14.01772211  7.01840309
  5.1007285  -1.1757507  16.16781725  4.69059097 11.67318405 12.33417494
 17.57154212 13.37571591  3.5585697  11.76667389  7.15275012  6.05156387
 14.82418827 12.84183411  9.87407794  9.15366707 19.40404218  6.9362381
  4.10678588  9.98986218 15.09638865  4.33462275  7.15275012 15.26458024
 12.58015269  9.73694667  8.43695912  4.03208413]
2024-11-27 15:31:32 INFO     --------
2024-11-27 15:31:32 INFO     Starting Regression Test
2024-11-27 15:31:32 INFO     acc: 0.8569628188132369
2024-11-27 15:31:32 INFO     
predictions: [18.99009815 16.43673661  7.15275012  9.36271585  6.73134284 15.11144512
  8.43695912  5.64718271  7.94435641 11.95715988  6.80657008 10.17268833
 14.96204162 13.03582642  8.30261209  6.37639689 -0.71657065 12.63629165
 11.24857064  7.79495292 14.07341046 10.21396742 10.69151366 11.99150121
  6.05156387 11.93113385  6.9362381  14.01772211 16.3058959  13.86085537
 13.82723612 12.84183411 14.01772211  7.45155711  8.24090466 11.76667389
 11.38219558 18.34393842 16.17154887  9.36271585]
2024-11-27 15:32:18 INFO     --------
2024-11-27 15:32:40 INFO     --------
2024-11-27 15:32:40 INFO     Starting Regression Test
2024-11-27 15:32:40 INFO     acc: 0.8022229735546883
2024-11-27 15:32:40 INFO     
predictions: [15.30543743  8.58636262 12.01680516 10.04600114 15.63027045  6.5879959
  5.8241489   9.24342528 10.28847257  7.98543891  8.04093067  8.38082016
  3.5585697   9.55670816  8.70214686 10.69151366 15.7049722   8.30261209
  6.05156387  9.57176462 13.53975397 14.24533367  9.00926916 11.7481111
  9.51562566  7.22745187  6.9362381   7.66060589 12.76713236 18.49707354
 14.96204162 13.03582642 16.29843266  6.17588872 15.1710904  11.21164166
 12.37986982 15.46989739 11.38219558 16.26503871]
2024-11-27 15:33:23 INFO     --------
2024-11-27 15:33:24 INFO     Starting Regression Test
2024-11-27 15:33:24 INFO     acc: 0.8951455830262076
2024-11-27 15:33:24 INFO     
predictions: [13.34968988  9.4374176   9.79236355  8.42190265  3.2692507  15.60424442
  7.70702286 18.9153964  10.15412554  4.95784086 11.21164166  4.32810689
  8.22791034 15.01818058 16.16781725 11.82281285 13.86436169  6.80657008
 15.37640755 17.57154212 11.2232182   9.34415306  9.29976084 12.82677764
 12.90147939 14.88383356 12.14018263 10.91211259 12.76713236 13.98014593
 14.30147264 11.86143768 15.60797604 18.11632686  5.63140416  4.94000016
  3.5585697   9.15366707  8.01607733 -1.11961174]
2024-11-27 15:33:41 INFO     --------
2024-11-27 15:33:41 INFO     Starting Regression Test
2024-11-27 15:33:41 INFO     acc: 0.9265387565925454
2024-11-27 15:33:41 INFO     
predictions: [16.29843266 13.76385921  7.95643205  7.57938828 15.09638865 11.93113385
 12.02089206 -0.98526471 10.09539894 12.90147939 -1.8673887  10.69151366
 16.98502767 12.26686981  6.5879959   7.94435641 18.23211111 11.21049768
  5.88028786  8.28755562 18.34393842  8.49287278  5.16891439 11.76667389
  6.37639689 11.95715988 11.47961364  8.36225737  9.26549439  9.74719415
  9.29976084 -1.06275069 15.7049722   8.30261209  6.76568418 18.55694413
  9.49355656 13.43162957 10.17619465  8.57130615]
2024-11-27 15:37:33 INFO     --------
2024-11-27 15:37:33 INFO     Starting Regression Test
2024-11-27 15:37:33 INFO     acc: 0.8453713102777648
2024-11-27 15:37:33 INFO     
predictions: [14.22677089  7.66060589 16.3058959  13.82723612  8.28755562 14.44672261
 15.11144512 10.05732599 10.15412554 14.92095912 12.82677764 10.49752135
 11.82300945 10.69151366  6.86824011  7.61673916  7.70702286  8.30611841
 11.34835103 11.69197214 10.97526419 16.26503871  9.49706288  7.63788958
 12.90147939 15.09638865 13.03582642  7.95643205 12.33417494 -0.71657065
  3.61470866  8.01607733 11.93113385  9.87407794 10.63186838 13.43162957
 18.55694413  9.26549439  8.58636262 14.07341046]
2024-11-27 15:37:57 INFO     --------
2024-11-27 15:37:57 INFO     Starting Regression Test
2024-11-27 15:37:57 INFO     acc: 0.7912552225604845
2024-11-27 15:37:57 INFO     
predictions: [12.90147939  9.57176462  6.05156387 11.7481111  14.92095912  5.40078306
 11.76667389  5.63140416  5.8241489  -0.58222362  9.01932004 19.15082649
  5.98860886 10.74765263 14.07341046 11.2232182   9.87407794  4.10678588
  7.53977866 12.58015269 11.87221065 14.22677089 12.89774777 10.28847257
  5.94579311 11.00537712 10.70657013 16.3058959  12.63278533  5.39099488
  4.19654409 15.26458024 11.3047096  11.67318405  3.51047456  4.67202818
  8.56086207 13.34968988  8.01958365 11.86143768]
2024-11-27 15:39:30 INFO     --------
2024-11-27 15:39:30 INFO     Starting Regression Test
2024-11-27 15:39:30 INFO     acc: 0.768570389085604
2024-11-27 15:39:30 INFO     
predictions: [16.30940222 10.17268833  9.01932004  9.73694667 13.51890373  7.34323611
  9.00926916 11.47961364  9.00446017 18.34393842  9.55670816  4.97289733
 16.26503871 12.1775335   7.94435641 12.71865324 12.84183411  4.33462275
 10.49752135  9.18843031 12.30055569  8.30611841  3.80519465  7.22466763
 11.90452723  8.57130615  5.64718271 13.53975397  7.63788958 12.63629165
 11.82704125  2.67111123  6.5879959  15.30543743 15.46989739  8.30261209
 14.22677089  7.22745187 -0.71657065  7.15275012]
2024-11-27 15:40:53 INFO     --------
2024-11-27 15:40:53 INFO     Starting Regression Test
2024-11-27 15:40:53 INFO     acc: 0.8861632254247673
2024-11-27 15:40:53 INFO     
predictions: [11.67318405  5.98860886  4.03208413  6.5879959   5.82467439  6.30169514
 17.23165263  8.45201559  9.36271585  4.69059097 11.86143768  8.30611841
  9.18843031 10.76621541 12.89195399 -1.11961174 10.15412554 10.49752135
  7.46661358  9.37777231 13.88337508  9.2469316   5.16891439 14.01772211
 15.64159529 10.5722231  16.26503871  9.55670816 15.09638865 14.57497568
 13.03582642 10.37920457  7.34323611 -0.71657065 10.41535636 10.66994134
 14.07341046  6.61402193 15.7720141  14.22677089]
2024-11-27 15:41:16 INFO     --------
2024-11-27 15:41:16 INFO     Starting Regression Test
2024-11-27 15:41:16 INFO     acc: 0.8889338829708385
2024-11-27 15:41:16 INFO     
predictions: [12.03186163 11.87221065 10.49752135 14.96204162 12.76382264 15.64159529
 10.93418169 10.63186838  4.59607886  9.24342528  8.01886157 12.63629165
 15.11144512 13.51890373 12.21488437  9.36271585  5.98860886  3.86686469
  7.57938828 17.85156102 10.41535636 10.47500164 11.76667389 15.1710904
 11.63304894  7.94435641 12.70768368 16.36554119  5.34837572 13.43162957
 14.96204162 17.23165263 11.85993842 16.3058959   6.86824011 11.95715988
 12.89774777  8.22791034 10.17268833  9.57176462]
2024-11-27 15:41:48 INFO     --------
2024-11-27 15:41:48 INFO     Starting Regression Test
2024-11-27 15:41:48 INFO     acc: 0.893053628218476
2024-11-27 15:41:48 INFO     
predictions: [ 7.53977866  7.63049296 11.82300945 12.1775335   7.61673916  8.34369459
 11.68846582 10.97526419 12.63278533  5.88359759  8.44507783 11.34507001
 15.30543743 13.21534285  8.53044896  8.30611841 -0.58222362 10.09539894
 11.24857064  8.58636262 10.93418169 14.24533367 18.11632686  9.51562566
  9.68754887  9.4374176   7.66060589  9.07916192 18.9153964  16.36554119
 13.88337508  9.57176462 18.70985394  8.56086207  7.94435641 15.09638865
 15.23073568  9.67730139  9.00446017  9.26549439]
2024-11-27 15:42:27 INFO     --------
2024-11-27 15:42:27 INFO     Starting Regression Test
2024-11-27 15:42:27 INFO     acc: 0.7417287057228393
2024-11-27 15:42:27 INFO     
predictions: [12.59520915  5.88028786  8.22791034 13.76385921 14.96204162  9.24342528
  7.63788958 13.92050065  4.69059097  9.57176462  9.30307057  9.18843031
  9.15366707 18.23211111 12.21488437 14.90239634 11.2232182  12.33417494
 12.63278533 18.9153964  10.93418169 12.18126512 14.22677089  8.01607733
  8.57130615  5.63140416  7.01912517 10.97526419 10.76621541 18.49707354
  9.74719415 11.24857064  8.58636262  7.70702286  4.33462275 11.95715988
  7.03696588 11.34835103  9.23187514 16.26503871]
2024-11-27 15:43:28 INFO     --------
2024-11-27 15:43:28 INFO     Starting Regression Test
2024-11-27 15:43:28 INFO     acc: 0.7218187540560993
2024-11-27 15:43:28 INFO     
predictions: [ 9.36271585  3.80519465 11.68846582 10.05732599 10.15412554 16.26503871
  9.98986218 15.09638865 16.36554119  9.37777231 12.71865324 15.63027045
  5.82467439 14.01772211 18.23211111 11.34507001 15.1710904   5.34837572
 10.74765263 14.24533367 13.86085537 13.97313329 15.30543743 15.63786367
  8.58636262  9.00446017  9.09752811  8.22791034 14.82418827  8.06196881
 10.55716663  9.57176462  8.44507783  9.15438915 12.69243061  7.22466763
 12.76713236  6.15229165 12.82677764 14.07341046]
2024-11-27 15:44:22 INFO     --------
2024-11-27 15:44:22 INFO     Starting Regression Test
2024-11-27 15:44:22 INFO     acc: 0.8951800616616671
2024-11-27 15:44:22 INFO     
predictions: [ 7.22466763 15.7049722  18.49707354 15.01818058  6.89777246  7.95643205
 15.03674337 12.0058356  12.76362604 14.01772211  5.1007285  14.07341046
  9.67730139 12.26320481 10.37920457 12.37986982  9.30307057  5.63140416
  9.43368597 -1.8673887   8.30261209  9.51562566 11.69269422  9.49706288
  3.61470866  8.43695912  6.92006687  3.2692507  10.70378589 12.76382264
 10.70657013 15.24579215 12.59520915  8.49287278 -0.66043169  4.59607886
 11.82281285  3.5585697  12.90147939 18.9153964 ]
2024-11-27 18:22:03 INFO     --------
2024-11-27 18:22:03 INFO     Starting Regression Test
2024-11-27 18:22:03 INFO     acc: 0.8536573150590241
2024-11-27 18:22:03 INFO     
predictions: [ 4.95784086 11.95715988  9.07916192  9.68511991  8.79541139 14.90239634
 12.89774777 10.05732599  4.32810689  4.97289733  3.51047456 11.82704125
 -1.06275069 -1.1757507  16.36554119 13.37571591  6.89777246  7.66060589
  3.80519465 -1.73376376 15.64159529  8.30261209  9.26549439  9.49505582
 11.86143768 15.01818058 19.91585488 11.68846582  8.42190265  5.74997264
 12.0058356  15.37640755  6.95895441 12.83832779 16.3058959   7.4383288
 12.69243061  8.77684861 13.86436169 13.98014593]
2024-11-27 18:24:08 INFO     --------
2024-11-27 18:24:08 INFO     Starting Regression Test
2024-11-27 18:24:08 INFO     acc: 0.7278395771400694
2024-11-27 18:24:08 INFO     
predictions: [ 9.57176462  9.00926916  4.10678588 12.76713236  9.73694667 18.70985394
 12.89195399 10.47873326 11.68846582 11.34507001 18.49707354 13.45041766
  9.49355656  6.34277764 12.95087719  8.57130615 15.64159529  7.57938828
 14.22677089 13.96158315  6.61402193 19.91585488  8.99473818 10.76621541
 11.86143768 13.82723612 10.74765263  7.15275012 12.76362604  7.70702286
 15.60424442 11.95715988 10.41535636  8.01958365  5.34837572 14.01772211
  9.49706288 10.47500164  7.15275012  6.9362381 ]
2024-11-27 18:26:44 INFO     --------
2024-11-27 18:26:44 INFO     Starting Regression Test
2024-11-27 18:26:56 INFO     --------
2024-11-27 18:26:56 INFO     Starting Regression Test
2024-11-27 18:26:56 INFO     acc: 0.8766951108945341
2024-11-27 18:26:56 INFO     
predictions: [ 5.64718271  8.30611841  9.00926916 12.89774777  6.61402193 13.86436169
 19.31974016  5.40078306  5.34837572  6.05156387  5.82745862 12.84183411
 11.87221065  4.59607886 15.30543743 12.82677764 11.67318405  5.82467439
 17.57154212 17.85156102 16.17154887 -1.1757507  11.21049768  8.30611841
  9.24342528  9.23187514  5.1007285   8.46376233 15.03674337  7.63049296
  7.94435641 12.01680516 15.60797604 15.1710904   8.31187478  4.67202818
  8.42190265  9.2469316  12.82677764 13.82723612]
2024-11-27 18:27:13 INFO     --------
2024-11-27 18:27:13 INFO     Starting Regression Test
2024-11-27 18:27:13 INFO     acc: 0.9019607684185827
2024-11-27 18:27:13 INFO     
predictions: [15.11121981 -0.63836258 12.69243061 11.47961364  7.01840309  6.17588872
 12.18126512 13.45041766 16.43673661  9.42236113 10.17619465 11.86143768
 -0.71657065 -0.98526471 15.63027045 13.11052817 18.23211111 10.04600114
  9.43368597 15.30543743 16.36554119  4.94000016 15.64159529 11.57618789
 10.74765263  8.43695912  9.76575694 12.01680516  8.53044896  6.95895441
  5.94579311 12.90147939  8.22791034  9.24342528  9.57176462 16.36554119
 -1.73376376 15.04024969 13.06944567 10.37914947]
2024-11-27 18:27:20 INFO     --------
2024-11-27 18:27:20 INFO     Starting Regression Test
2024-11-27 18:27:20 INFO     acc: 0.879396613746693
2024-11-27 18:27:20 INFO     
predictions: [15.24579215  6.89777246 14.96204162 13.21534285  7.82837557 11.21164166
  9.00446017  9.98986218 18.23211111 17.23165263  5.16891439 16.30940222
  7.70702286  7.22466763 15.09638865  5.74997264  6.86824011  8.31187478
  7.95643205 19.91585488 12.30055569  9.49355656  9.30307057 10.97526419
 12.83832779 13.06243303  9.76575694 12.71865324  8.44507783  9.68754887
  9.67730139  9.15366707 15.1710904  15.1710904   9.57176462  6.76568418
 12.63629165  4.59607886 14.22677089 18.4446662 ]
2024-11-27 22:29:30 INFO     --------
2024-11-27 22:29:30 INFO     Starting Regression Test
2024-11-27 22:29:30 INFO     acc: 0.9117254151434117
2024-11-27 22:29:30 INFO     
predictions: [ 8.64250158  9.4374176   3.80519465 10.28847257  4.19654409  6.61402193
 14.12954943 12.89774777 12.70768368 10.49752135 12.84183411 11.85993842
 10.91211259 15.11144512 20.06525837 14.82418827 11.68846582 12.76382264
 12.69243061 10.47500164  8.57130615 12.63278533 18.49707354 11.21164166
 15.98106288 18.23211111  5.82467439 14.57497568  9.37777231  7.34323611
 12.89195399  8.30611841 12.76362604  9.04138914 -1.8673887  -1.1757507
  4.95784086  7.82837557  9.49706288 11.91607738]
